D:\AAA\3RDPARTY\HIREDIS-WIN32\CMAKEFILES\GENERATE.STAMP
D:\ACCOUNT\YUNTEST\DEBUG\HIREDIS.LIB
D:\ACCOUNT\YUNTEST\HIREDIS-WIN32\HIREDIS.DIR\DEBUG\ADLIST.OBJ
D:\ACCOUNT\YUNTEST\HIREDIS-WIN32\HIREDIS.DIR\DEBUG\AE.OBJ
D:\ACCOUNT\YUNTEST\HIREDIS-WIN32\HIREDIS.DIR\DEBUG\ASYNC.OBJ
D:\Account\YunTest\hiredis-win32\hiredis.dir\Debug\cl.command.1.tlog
D:\Account\YunTest\hiredis-win32\hiredis.dir\Debug\CL.read.1.tlog
D:\Account\YunTest\hiredis-win32\hiredis.dir\Debug\CL.write.1.tlog
D:\Account\YunTest\hiredis-win32\hiredis.dir\Debug\custombuild.command.1.tlog
D:\Account\YunTest\hiredis-win32\hiredis.dir\Debug\custombuild.read.1.tlog
D:\Account\YunTest\hiredis-win32\hiredis.dir\Debug\custombuild.write.1.tlog
D:\ACCOUNT\YUNTEST\HIREDIS-WIN32\HIREDIS.DIR\DEBUG\DICT.OBJ
D:\ACCOUNT\YUNTEST\HIREDIS-WIN32\HIREDIS.DIR\DEBUG\HIREDIS.OBJ
D:\Account\YunTest\hiredis-win32\hiredis.dir\Debug\hiredis.write.1.tlog
D:\Account\YunTest\hiredis-win32\hiredis.dir\Debug\lib.command.1.tlog
D:\Account\YunTest\hiredis-win32\hiredis.dir\Debug\Lib.read.1.tlog
D:\Account\YunTest\hiredis-win32\hiredis.dir\Debug\Lib.write.1.tlog
D:\Account\YunTest\hiredis-win32\hiredis.dir\Debug\Lib-link.read.1.tlog
D:\Account\YunTest\hiredis-win32\hiredis.dir\Debug\Lib-link.write.1.tlog
D:\ACCOUNT\YUNTEST\HIREDIS-WIN32\HIREDIS.DIR\DEBUG\NET.OBJ
D:\ACCOUNT\YUNTEST\HIREDIS-WIN32\HIREDIS.DIR\DEBUG\SDS.OBJ
D:\ACCOUNT\YUNTEST\HIREDIS-WIN32\HIREDIS.DIR\DEBUG\VC100.PDB
D:\ACCOUNT\YUNTEST\HIREDIS-WIN32\HIREDIS.DIR\DEBUG\WIN32_WSIOCP.OBJ
D:\ACCOUNT\YUNTEST\HIREDIS-WIN32\HIREDIS.DIR\DEBUG\WIN32FIXES.OBJ
D:\ACCOUNT\YUNTEST\HIREDIS-WIN32\HIREDIS.DIR\DEBUG\ZMALLOC.OBJ
