D:\AAA\3RDPARTY\HIREDIS-WIN32\CMAKEFILES\GENERATE.STAMP
D:\ACCOUNT\YUNTEST\HIREDIS-WIN32\RELEASE\ADLIST.OBJ
D:\ACCOUNT\YUNTEST\HIREDIS-WIN32\RELEASE\AE.OBJ
D:\ACCOUNT\YUNTEST\HIREDIS-WIN32\RELEASE\ASYNC.OBJ
D:\Account\YunTest\hiredis-win32\Release\cl.command.1.tlog
D:\Account\YunTest\hiredis-win32\Release\CL.read.1.tlog
D:\Account\YunTest\hiredis-win32\Release\CL.write.1.tlog
D:\Account\YunTest\hiredis-win32\Release\custombuild.command.1.tlog
D:\Account\YunTest\hiredis-win32\Release\custombuild.read.1.tlog
D:\Account\YunTest\hiredis-win32\Release\custombuild.write.1.tlog
D:\ACCOUNT\YUNTEST\HIREDIS-WIN32\RELEASE\DICT.OBJ
D:\ACCOUNT\YUNTEST\HIREDIS-WIN32\RELEASE\HIREDIS.OBJ
D:\Account\YunTest\hiredis-win32\Release\hiredis.write.1.tlog
D:\Account\YunTest\hiredis-win32\Release\lib.command.1.tlog
D:\Account\YunTest\hiredis-win32\Release\Lib-link.read.1.tlog
D:\Account\YunTest\hiredis-win32\Release\Lib-link.write.1.tlog
D:\ACCOUNT\YUNTEST\HIREDIS-WIN32\RELEASE\NET.OBJ
D:\ACCOUNT\YUNTEST\HIREDIS-WIN32\RELEASE\SDS.OBJ
D:\ACCOUNT\YUNTEST\HIREDIS-WIN32\RELEASE\WIN32_WSIOCP.OBJ
D:\ACCOUNT\YUNTEST\HIREDIS-WIN32\RELEASE\WIN32FIXES.OBJ
D:\ACCOUNT\YUNTEST\HIREDIS-WIN32\RELEASE\ZMALLOC.OBJ
D:\ACCOUNT\YUNTEST\RELEASE\HIREDIS.LIB
