D:\AAA\3RDPARTY\HIREDIS-WIN32\CMAKEFILES\GENERATE.STAMP
D:\AAA\3RDPARTY\HIREDIS-WIN32\HIREDIS.DIR\RELEASE\ADLIST.OBJ
D:\AAA\3RDPARTY\HIREDIS-WIN32\HIREDIS.DIR\RELEASE\AE.OBJ
D:\AAA\3RDPARTY\HIREDIS-WIN32\HIREDIS.DIR\RELEASE\ASYNC.OBJ
D:\AAA\3RDPARTY\HIREDIS-WIN32\HIREDIS.DIR\RELEASE\DICT.OBJ
D:\AAA\3RDPARTY\HIREDIS-WIN32\HIREDIS.DIR\RELEASE\HIREDIS.OBJ
D:\AAA\3RDPARTY\HIREDIS-WIN32\HIREDIS.DIR\RELEASE\NET.OBJ
D:\AAA\3RDPARTY\HIREDIS-WIN32\HIREDIS.DIR\RELEASE\SDS.OBJ
D:\AAA\3RDPARTY\HIREDIS-WIN32\HIREDIS.DIR\RELEASE\WIN32_WSIOCP.OBJ
D:\AAA\3RDPARTY\HIREDIS-WIN32\HIREDIS.DIR\RELEASE\WIN32FIXES.OBJ
D:\AAA\3RDPARTY\HIREDIS-WIN32\HIREDIS.DIR\RELEASE\ZMALLOC.OBJ
D:\AAA\3RDPARTY\HIREDIS-WIN32\RELEASE\HIREDIS.LIB
D:\Account\YunTest\hiredis-win32\hiredis.dir\Release\adlist.obj
D:\Account\YunTest\hiredis-win32\hiredis.dir\Release\ae.obj
D:\Account\YunTest\hiredis-win32\hiredis.dir\Release\async.obj
D:\Account\YunTest\hiredis-win32\hiredis.dir\Release\cl.command.1.tlog
D:\Account\YunTest\hiredis-win32\hiredis.dir\Release\CL.read.1.tlog
D:\Account\YunTest\hiredis-win32\hiredis.dir\Release\CL.write.1.tlog
D:\Account\YunTest\hiredis-win32\hiredis.dir\Release\custombuild.command.1.tlog
D:\Account\YunTest\hiredis-win32\hiredis.dir\Release\custombuild.read.1.tlog
D:\Account\YunTest\hiredis-win32\hiredis.dir\Release\custombuild.write.1.tlog
D:\Account\YunTest\hiredis-win32\hiredis.dir\Release\dict.obj
D:\Account\YunTest\hiredis-win32\hiredis.dir\Release\hiredis.obj
D:\Account\YunTest\hiredis-win32\hiredis.dir\Release\hiredis.write.1.tlog
D:\Account\YunTest\hiredis-win32\hiredis.dir\Release\lib.command.1.tlog
D:\Account\YunTest\hiredis-win32\hiredis.dir\Release\Lib.read.1.tlog
D:\Account\YunTest\hiredis-win32\hiredis.dir\Release\Lib.write.1.tlog
D:\Account\YunTest\hiredis-win32\hiredis.dir\Release\Lib-link.read.1.tlog
D:\Account\YunTest\hiredis-win32\hiredis.dir\Release\Lib-link.write.1.tlog
D:\Account\YunTest\hiredis-win32\hiredis.dir\Release\net.obj
D:\Account\YunTest\hiredis-win32\hiredis.dir\Release\sds.obj
D:\Account\YunTest\hiredis-win32\hiredis.dir\Release\win32_wsiocp.obj
D:\Account\YunTest\hiredis-win32\hiredis.dir\Release\win32fixes.obj
D:\Account\YunTest\hiredis-win32\hiredis.dir\Release\zmalloc.obj
