D:\AAA\3RDPARTY\HIREDIS-WIN32\CMAKEFILES\GENERATE.STAMP
D:\AAA\3RDPARTY\HIREDIS-WIN32\HIREDIS.DIR\RELWITHDEBINFO\ADLIST.OBJ
D:\AAA\3RDPARTY\HIREDIS-WIN32\HIREDIS.DIR\RELWITHDEBINFO\AE.OBJ
D:\AAA\3RDPARTY\HIREDIS-WIN32\HIREDIS.DIR\RELWITHDEBINFO\ASYNC.OBJ
D:\aaa\3rdparty\hiredis-win32\hiredis.dir\RelWithDebInfo\cl.command.1.tlog
D:\aaa\3rdparty\hiredis-win32\hiredis.dir\RelWithDebInfo\CL.read.1.tlog
D:\aaa\3rdparty\hiredis-win32\hiredis.dir\RelWithDebInfo\CL.write.1.tlog
D:\aaa\3rdparty\hiredis-win32\hiredis.dir\RelWithDebInfo\custombuild.command.1.tlog
D:\aaa\3rdparty\hiredis-win32\hiredis.dir\RelWithDebInfo\custombuild.read.1.tlog
D:\aaa\3rdparty\hiredis-win32\hiredis.dir\RelWithDebInfo\custombuild.write.1.tlog
D:\AAA\3RDPARTY\HIREDIS-WIN32\HIREDIS.DIR\RELWITHDEBINFO\DICT.OBJ
D:\AAA\3RDPARTY\HIREDIS-WIN32\HIREDIS.DIR\RELWITHDEBINFO\HIREDIS.OBJ
D:\aaa\3rdparty\hiredis-win32\hiredis.dir\RelWithDebInfo\hiredis.write.1.tlog
D:\aaa\3rdparty\hiredis-win32\hiredis.dir\RelWithDebInfo\lib.command.1.tlog
D:\aaa\3rdparty\hiredis-win32\hiredis.dir\RelWithDebInfo\Lib.read.1.tlog
D:\aaa\3rdparty\hiredis-win32\hiredis.dir\RelWithDebInfo\Lib.write.1.tlog
D:\aaa\3rdparty\hiredis-win32\hiredis.dir\RelWithDebInfo\Lib-link.read.1.tlog
D:\aaa\3rdparty\hiredis-win32\hiredis.dir\RelWithDebInfo\Lib-link.write.1.tlog
D:\AAA\3RDPARTY\HIREDIS-WIN32\HIREDIS.DIR\RELWITHDEBINFO\NET.OBJ
D:\AAA\3RDPARTY\HIREDIS-WIN32\HIREDIS.DIR\RELWITHDEBINFO\SDS.OBJ
D:\AAA\3RDPARTY\HIREDIS-WIN32\HIREDIS.DIR\RELWITHDEBINFO\VC100.PDB
D:\AAA\3RDPARTY\HIREDIS-WIN32\HIREDIS.DIR\RELWITHDEBINFO\WIN32_WSIOCP.OBJ
D:\AAA\3RDPARTY\HIREDIS-WIN32\HIREDIS.DIR\RELWITHDEBINFO\WIN32FIXES.OBJ
D:\AAA\3RDPARTY\HIREDIS-WIN32\HIREDIS.DIR\RELWITHDEBINFO\ZMALLOC.OBJ
D:\AAA\3RDPARTY\HIREDIS-WIN32\RELWITHDEBINFO\HIREDIS.LIB
